This is pdfTeX, Version 3.14159265-2.6-1.40.21 (MiKTeX 20.12) (preloaded format=pdflatex 2020.12.14)  24 JAN 2021 13:46
entering extended mode
**./syllabus.tex
(syllabus.tex
LaTeX2e <2020-10-01> patch level 2
L3 programming layer <2020-12-07> xparse <2020-03-03>
("C:\Program Files\MiKTeX\tex/latex/base\article.cls"
Document Class: article 2020/04/10 v1.4m Standard LaTeX document class
("C:\Program Files\MiKTeX\tex/latex/base\size11.clo"
File: size11.clo 2020/04/10 v1.4m Standard LaTeX file (size option)
)
\c@part=\count177
\c@section=\count178
\c@subsection=\count179
\c@subsubsection=\count180
\c@paragraph=\count181
\c@subparagraph=\count182
\c@figure=\count183
\c@table=\count184
\abovecaptionskip=\skip47
\belowcaptionskip=\skip48
\bibindent=\dimen138
)
("C:\Program Files\MiKTeX\tex/latex/preprint\fullpage.sty"
Package: fullpage 1999/02/23 1.1 (PWD)
\FP@margin=\skip49
)
("C:\Program Files\MiKTeX\tex/latex/geometry\geometry.sty"
Package: geometry 2020/01/02 v5.9 Page Geometry

("C:\Program Files\MiKTeX\tex/latex/graphics\keyval.sty"
Package: keyval 2014/10/28 v1.15 key=value parser (DPC)
\KV@toks@=\toks15
)
("C:\Program Files\MiKTeX\tex/generic/iftex\ifvtex.sty"
Package: ifvtex 2019/10/25 v1.7 ifvtex legacy package. Use iftex instead.

("C:\Program Files\MiKTeX\tex/generic/iftex\iftex.sty"
Package: iftex 2020/03/06 v1.0d TeX engine tests
))
\Gm@cnth=\count185
\Gm@cntv=\count186
\c@Gm@tempcnt=\count187
\Gm@bindingoffset=\dimen139
\Gm@wd@mp=\dimen140
\Gm@odd@mp=\dimen141
\Gm@even@mp=\dimen142
\Gm@layoutwidth=\dimen143
\Gm@layoutheight=\dimen144
\Gm@layouthoffset=\dimen145
\Gm@layoutvoffset=\dimen146
\Gm@dimlist=\toks16

("C:\Program Files\MiKTeX\tex/latex/geometry\geometry.cfg"))
("C:\Program Files\MiKTeX\tex/latex/graphics\graphicx.sty"
Package: graphicx 2020/09/09 v1.2b Enhanced LaTeX Graphics (DPC,SPQR)

("C:\Program Files\MiKTeX\tex/latex/graphics\graphics.sty"
Package: graphics 2020/08/30 v1.4c Standard LaTeX Graphics (DPC,SPQR)

("C:\Program Files\MiKTeX\tex/latex/graphics\trig.sty"
Package: trig 2016/01/03 v1.10 sin cos tan (DPC)
)
("C:\Program Files\MiKTeX\tex/latex/graphics-cfg\graphics.cfg"
File: graphics.cfg 2016/06/04 v1.11 sample graphics configuration
)
Package graphics Info: Driver file: pdftex.def on input line 105.

("C:\Program Files\MiKTeX\tex/latex/graphics-def\pdftex.def"
File: pdftex.def 2020/10/05 v1.2a Graphics/color driver for pdftex
))
\Gin@req@height=\dimen147
\Gin@req@width=\dimen148
)
("C:\Program Files\MiKTeX\tex/latex/float\float.sty"
Package: float 2001/11/08 v1.3d Float enhancements (AL)
\c@float@type=\count188
\float@exts=\toks17
\float@box=\box47
\@float@everytoks=\toks18
\@floatcapt=\box48
)
("C:\Program Files\MiKTeX\tex/latex/makecell\makecell.sty"
Package: makecell 2009/08/03 V0.1e Managing of Tab Column Heads and Cells

("C:\Program Files\MiKTeX\tex/latex/tools\array.sty"
Package: array 2019/08/31 v2.4l Tabular extension package (FMi)
\col@sep=\dimen149
\ar@mcellbox=\box49
\extrarowheight=\dimen150
\NC@list=\toks19
\extratabsurround=\skip50
\backup@length=\skip51
\ar@cellbox=\box50
)
\rotheadsize=\dimen151
\c@nlinenum=\count189
\TeXr@lab=\toks20
)
("C:\Program Files\MiKTeX\tex/latex/psnfss\mathpazo.sty"
Package: mathpazo 2020/03/25 PSNFSS-v9.3 Palatino w/ Pazo Math (D.Puga, WaS) 
\symupright=\mathgroup4
)
("C:\Program Files\MiKTeX\tex/latex/base\fontenc.sty"
Package: fontenc 2020/08/10 v2.0s Standard LaTeX package
LaTeX Font Info:    Trying to load font information for T1+pplx on input line 1
12.

("C:\Program Files\MiKTeX\tex/latex/psnfss\t1pplx.fd"
File: t1pplx.fd 2004/09/06 font definitions for T1/pplx.
))
("C:\Program Files\MiKTeX\tex/latex/datetime\datetime.sty"
Package: datetime 2015/03/20 v2.60 Date Time Package

("C:\Program Files\MiKTeX\tex/latex/etoolbox\etoolbox.sty"
Package: etoolbox 2020/10/05 v2.5k e-TeX tools for LaTeX (JAW)
\etb@tempcnta=\count190
)
("C:\Program Files\MiKTeX\tex/latex/fmtcount\fmtcount.sty"
Package: fmtcount 2020/01/30 v3.07

("C:\Program Files\MiKTeX\tex/latex/base\ifthen.sty"
Package: ifthen 2014/09/29 v1.1c Standard LaTeX ifthen package (DPC)
)
("C:\Program Files\MiKTeX\tex/latex/xkeyval\xkeyval.sty"
Package: xkeyval 2020/11/20 v2.8 package option processing (HA)

("C:\Program Files\MiKTeX\tex/generic/xkeyval\xkeyval.tex"
("C:\Program Files\MiKTeX\tex/generic/xkeyval\xkvutils.tex"
\XKV@toks=\toks21
\XKV@tempa@toks=\toks22
)
\XKV@depth=\count191
File: xkeyval.tex 2014/12/03 v2.7a key=value parser (HA)
))
("C:\Program Files\MiKTeX\tex/latex/fmtcount\fcprefix.sty"
Package: fcprefix 2012/09/28

("C:\Program Files\MiKTeX\tex/latex/fmtcount\fcnumparser.sty"
Package: fcnumparser 2017/06/15
\fc@digit@counter=\count192
))
("C:\Program Files\MiKTeX\tex/latex/amsmath\amsgen.sty"
File: amsgen.sty 1999/11/30 v2.0 generic functions
\@emptytoks=\toks23
\ex@=\dimen152
)
\c@padzeroesN=\count193
\fc@tmpcatcode=\count194
\@DT@modctr=\count195
\@ordinalctr=\count196
\@orgargctr=\count197
\@strctr=\count198
\@tmpstrctr=\count199
\@DT@loopN=\count266
\@DT@X=\count267
)
("C:\Program Files\MiKTeX\tex/latex/datetime\datetime-defaults.sty"
Package: datetime-defaults 2013/09/10
)
\@day=\count268
\@month=\count269
\@year=\count270
\c@HOUR=\count271
\c@HOURXII=\count272
\c@MINUTE=\count273
\c@TOHOUR=\count274
\c@TOMINUTE=\count275
\c@SECOND=\count276
\currenthour=\count277
\currentminute=\count278
\currentsecond=\count279
Package datetime Info: No datetime.cfg file found, using default settings on in
put line 308.
\@dtctr=\count280
\dayofyear=\count281
\dayofweek=\count282
LaTeX Info: Redefining \today on input line 736.
\dt@a=\toks24
\dt@b=\toks25
)
("C:\Program Files\MiKTeX\tex/latex/advdate\advdate.sty"
Package: advdate 1996/10/20 Advance Date Package
\r@k=\count283
\un@r=\count284
\m@l=\count285
\m@s=\count286
\M@s=\count287
)
\MONDAY=\box51

("C:\Program Files\MiKTeX\tex/latex/setspace\setspace.sty"
Package: setspace 2011/12/19 v6.7a set line spacing
)
("C:\Program Files\MiKTeX\tex/latex/tools\multicol.sty"
Package: multicol 2019/12/09 v1.8y multicolumn formatting (FMi)
\c@tracingmulticols=\count288
\mult@box=\box52
\multicol@leftmargin=\dimen153
\c@unbalance=\count289
\c@collectmore=\count290
\doublecol@number=\count291
\multicoltolerance=\count292
\multicolpretolerance=\count293
\full@width=\dimen154
\page@free=\dimen155
\premulticols=\dimen156
\postmulticols=\dimen157
\multicolsep=\skip52
\multicolbaselineskip=\skip53
\partial@page=\box53
\last@line=\box54
\maxbalancingoverflow=\dimen158
\mult@rightbox=\box55
\mult@grightbox=\box56
\mult@gfirstbox=\box57
\mult@firstbox=\box58
\@tempa=\box59
\@tempa=\box60
\@tempa=\box61
\@tempa=\box62
\@tempa=\box63
\@tempa=\box64
\@tempa=\box65
\@tempa=\box66
\@tempa=\box67
\@tempa=\box68
\@tempa=\box69
\@tempa=\box70
\@tempa=\box71
\@tempa=\box72
\@tempa=\box73
\@tempa=\box74
\@tempa=\box75
\@tempa=\box76
\@tempa=\box77
\@tempa=\box78
\@tempa=\box79
\@tempa=\box80
\@tempa=\box81
\@tempa=\box82
\@tempa=\box83
\@tempa=\box84
\@tempa=\box85
\@tempa=\box86
\@tempa=\box87
\@tempa=\box88
\@tempa=\box89
\@tempa=\box90
\@tempa=\box91
\@tempa=\box92
\@tempa=\box93
\@tempa=\box94
\@tempa=\box95
\c@minrows=\count294
\c@columnbadness=\count295
\c@finalcolumnbadness=\count296
\last@try=\dimen159
\multicolovershoot=\dimen160
\multicolundershoot=\dimen161
\mult@nat@firstbox=\box96
\colbreak@box=\box97
\mc@col@check@num=\count297
)
("C:\Program Files\MiKTeX\tex/latex/fancyhdr\fancyhdr.sty"
Package: fancyhdr 2019/01/31 v3.10 Extensive control of page headers and footer
s
\f@nch@headwidth=\skip54
\f@nch@O@elh=\skip55
\f@nch@O@erh=\skip56
\f@nch@O@olh=\skip57
\f@nch@O@orh=\skip58
\f@nch@O@elf=\skip59
\f@nch@O@erf=\skip60
\f@nch@O@olf=\skip61
\f@nch@O@orf=\skip62
)
("C:\Program Files\MiKTeX\tex/latex/lastpage\lastpage.sty"
Package: lastpage 2015/03/29 v1.2m Refers to last page's name (HMM; JPG)
)
("C:\Program Files\MiKTeX\tex/latex/url\url.sty"
\Urlmuskip=\muskip16
Package: url 2013/09/16  ver 3.4  Verb mode for urls, etc.
)
("C:\Program Files\MiKTeX\tex/latex/hyperref\hyperref.sty"
Package: hyperref 2020-05-15 v7.00e Hypertext links for LaTeX

("C:\Program Files\MiKTeX\tex/generic/ltxcmds\ltxcmds.sty"
Package: ltxcmds 2020-05-10 v1.25 LaTeX kernel commands for general use (HO)
)
("C:\Program Files\MiKTeX\tex/generic/pdftexcmds\pdftexcmds.sty"
Package: pdftexcmds 2020-06-27 v0.33 Utility functions of pdfTeX for LuaTeX (HO
)

("C:\Program Files\MiKTeX\tex/generic/infwarerr\infwarerr.sty"
Package: infwarerr 2019/12/03 v1.5 Providing info/warning/error messages (HO)
)
Package pdftexcmds Info: \pdf@primitive is available.
Package pdftexcmds Info: \pdf@ifprimitive is available.
Package pdftexcmds Info: \pdfdraftmode found.
)
("C:\Program Files\MiKTeX\tex/generic/kvsetkeys\kvsetkeys.sty"
Package: kvsetkeys 2019/12/15 v1.18 Key value parser (HO)
)
("C:\Program Files\MiKTeX\tex/generic/kvdefinekeys\kvdefinekeys.sty"
Package: kvdefinekeys 2019-12-19 v1.6 Define keys (HO)
)
("C:\Program Files\MiKTeX\tex/generic/pdfescape\pdfescape.sty"
Package: pdfescape 2019/12/09 v1.15 Implements pdfTeX's escape features (HO)
)
("C:\Program Files\MiKTeX\tex/latex/hycolor\hycolor.sty"
Package: hycolor 2020-01-27 v1.10 Color options for hyperref/bookmark (HO)
)
("C:\Program Files\MiKTeX\tex/latex/letltxmacro\letltxmacro.sty"
Package: letltxmacro 2019/12/03 v1.6 Let assignment for LaTeX macros (HO)
)
("C:\Program Files\MiKTeX\tex/latex/auxhook\auxhook.sty"
Package: auxhook 2019-12-17 v1.6 Hooks for auxiliary files (HO)
)
("C:\Program Files\MiKTeX\tex/latex/kvoptions\kvoptions.sty"
Package: kvoptions 2020-10-07 v3.14 Key value format for package options (HO)
)
\@linkdim=\dimen162
\Hy@linkcounter=\count298
\Hy@pagecounter=\count299

("C:\Program Files\MiKTeX\tex/latex/hyperref\pd1enc.def"
File: pd1enc.def 2020-05-15 v7.00e Hyperref: PDFDocEncoding definition (HO)
Now handling font encoding PD1 ...
... no UTF-8 mapping file for font encoding PD1
)
("C:\Program Files\MiKTeX\tex/generic/intcalc\intcalc.sty"
Package: intcalc 2019/12/15 v1.3 Expandable calculations with integers (HO)
)
("C:\Program Files\MiKTeX\tex/generic/etexcmds\etexcmds.sty"
Package: etexcmds 2019/12/15 v1.7 Avoid name clashes with e-TeX commands (HO)
)
\Hy@SavedSpaceFactor=\count300
Package hyperref Info: Hyper figures OFF on input line 4464.
Package hyperref Info: Link nesting OFF on input line 4469.
Package hyperref Info: Hyper index ON on input line 4472.
Package hyperref Info: Plain pages OFF on input line 4479.
Package hyperref Info: Backreferencing OFF on input line 4484.
Package hyperref Info: Implicit mode ON; LaTeX internals redefined.
Package hyperref Info: Bookmarks ON on input line 4717.
\c@Hy@tempcnt=\count301
LaTeX Info: Redefining \url on input line 5076.
\XeTeXLinkMargin=\dimen163

("C:\Program Files\MiKTeX\tex/generic/bitset\bitset.sty"
Package: bitset 2019/12/09 v1.3 Handle bit-vector datatype (HO)

("C:\Program Files\MiKTeX\tex/generic/bigintcalc\bigintcalc.sty"
Package: bigintcalc 2019/12/15 v1.5 Expandable calculations on big integers (HO
)
))
\Fld@menulength=\count302
\Field@Width=\dimen164
\Fld@charsize=\dimen165
Package hyperref Info: Hyper figures OFF on input line 6347.
Package hyperref Info: Link nesting OFF on input line 6352.
Package hyperref Info: Hyper index ON on input line 6355.
Package hyperref Info: backreferencing OFF on input line 6362.
Package hyperref Info: Link coloring OFF on input line 6367.
Package hyperref Info: Link coloring with OCG OFF on input line 6372.
Package hyperref Info: PDF/A mode OFF on input line 6377.
LaTeX Info: Redefining \ref on input line 6417.
LaTeX Info: Redefining \pageref on input line 6421.

("C:\Program Files\MiKTeX\tex/latex/base\atbegshi-ltx.sty"
Package: atbegshi-ltx 2020/08/17 v1.0a Emulation of the original atbegshi packa
ge
with kernel methods
)
\Hy@abspage=\count303
\c@Item=\count304
\c@Hfootnote=\count305
)
Package hyperref Info: Driver (autodetected): hpdftex.

("C:\Program Files\MiKTeX\tex/latex/hyperref\hpdftex.def"
File: hpdftex.def 2020-05-15 v7.00e Hyperref driver for pdfTeX

("C:\Program Files\MiKTeX\tex/latex/base\atveryend-ltx.sty"
Package: atveryend-ltx 2020/08/19 v1.0a Emulation of the original atvery packag
e
with kernel methods
)
\Fld@listcount=\count306
\c@bookmark@seq@number=\count307

("C:\Program Files\MiKTeX\tex/latex/rerunfilecheck\rerunfilecheck.sty"
Package: rerunfilecheck 2019/12/05 v1.9 Rerun checks for auxiliary files (HO)

("C:\Program Files\MiKTeX\tex/generic/uniquecounter\uniquecounter.sty"
Package: uniquecounter 2019/12/15 v1.4 Provide unlimited unique counter (HO)
)
Package uniquecounter Info: New unique counter `rerunfilecheck' on input line 2
86.
)
\Hy@SectionHShift=\skip63
)
("C:\Program Files\MiKTeX\tex/latex/amsmath\amsmath.sty"
Package: amsmath 2020/09/23 v2.17i AMS math features
\@mathmargin=\skip64

For additional information on amsmath, use the `?' option.
("C:\Program Files\MiKTeX\tex/latex/amsmath\amstext.sty"
Package: amstext 2000/06/29 v2.01 AMS text
)
("C:\Program Files\MiKTeX\tex/latex/amsmath\amsbsy.sty"
Package: amsbsy 1999/11/29 v1.2d Bold Symbols
\pmbraise@=\dimen166
)
("C:\Program Files\MiKTeX\tex/latex/amsmath\amsopn.sty"
Package: amsopn 2016/03/08 v2.02 operator names
)
\inf@bad=\count308
LaTeX Info: Redefining \frac on input line 234.
\uproot@=\count309
\leftroot@=\count310
LaTeX Info: Redefining \overline on input line 399.
\classnum@=\count311
\DOTSCASE@=\count312
LaTeX Info: Redefining \ldots on input line 496.
LaTeX Info: Redefining \dots on input line 499.
LaTeX Info: Redefining \cdots on input line 620.
\Mathstrutbox@=\box98
\strutbox@=\box99
\big@size=\dimen167
LaTeX Font Info:    Redeclaring font encoding OML on input line 743.
LaTeX Font Info:    Redeclaring font encoding OMS on input line 744.
\macc@depth=\count313
\c@MaxMatrixCols=\count314
\dotsspace@=\muskip17
\c@parentequation=\count315
\dspbrk@lvl=\count316
\tag@help=\toks26
\row@=\count317
\column@=\count318
\maxfields@=\count319
\andhelp@=\toks27
\eqnshift@=\dimen168
\alignsep@=\dimen169
\tagshift@=\dimen170
\tagwidth@=\dimen171
\totwidth@=\dimen172
\lineht@=\dimen173
\@envbody=\toks28
\multlinegap=\skip65
\multlinetaggap=\skip66
\mathdisplay@stack=\toks29
LaTeX Info: Redefining \[ on input line 2923.
LaTeX Info: Redefining \] on input line 2924.
)
("C:\Program Files\MiKTeX\tex/latex/tools\layout.sty"
Package: layout 2014/10/28 v1.2c Show layout parameters
\oneinch=\count320
\cnt@paperwidth=\count321
\cnt@paperheight=\count322
\cnt@hoffset=\count323
\cnt@voffset=\count324
\cnt@textheight=\count325
\cnt@textwidth=\count326
\cnt@topmargin=\count327
\cnt@oddsidemargin=\count328
\cnt@evensidemargin=\count329
\cnt@headheight=\count330
\cnt@headsep=\count331
\cnt@marginparsep=\count332
\cnt@marginparwidth=\count333
\cnt@marginparpush=\count334
\cnt@footskip=\count335
\fheight=\count336
\ref@top=\count337
\ref@hoffset=\count338
\ref@voffset=\count339
\ref@head=\count340
\ref@body=\count341
\ref@foot=\count342
\ref@margin=\count343
\ref@marginwidth=\count344
\ref@marginpar=\count345
\Interval=\count346
\ExtraYPos=\count347
\PositionX=\count348
\PositionY=\count349
\ArrowLength=\count350
)
("C:\Program Files\MiKTeX\tex/latex/xcolor\xcolor.sty"
Package: xcolor 2016/05/11 v2.12 LaTeX color extensions (UK)

("C:\Program Files\MiKTeX\tex/latex/graphics-cfg\color.cfg"
File: color.cfg 2016/01/02 v1.6 sample color configuration
)
Package xcolor Info: Driver file: pdftex.def on input line 225.
Package xcolor Info: Model `cmy' substituted by `cmy0' on input line 1348.
Package xcolor Info: Model `hsb' substituted by `rgb' on input line 1352.
Package xcolor Info: Model `RGB' extended on input line 1364.
Package xcolor Info: Model `HTML' substituted by `rgb' on input line 1366.
Package xcolor Info: Model `Hsb' substituted by `hsb' on input line 1367.
Package xcolor Info: Model `tHsb' substituted by `hsb' on input line 1368.
Package xcolor Info: Model `HSB' substituted by `hsb' on input line 1369.
Package xcolor Info: Model `Gray' substituted by `gray' on input line 1370.
Package xcolor Info: Model `wave' substituted by `hsb' on input line 1371.
)
Package hyperref Info: Option `colorlinks' set `true' on input line 66.
Package hyperref Info: Option `breaklinks' set `true' on input line 66.

("C:\Program Files\MiKTeX\tex/latex/l3backend\l3backend-pdftex.def"
File: l3backend-pdftex.def 2020-09-24 L3 backend support: PDF output (pdfTeX)
\l__kernel_color_stack_int=\count351
\l__pdf_internal_box=\box100
)
(syllabus.aux)
\openout1 = `syllabus.aux'.

LaTeX Font Info:    Checking defaults for OML/cmm/m/it on input line 68.
LaTeX Font Info:    ... okay on input line 68.
LaTeX Font Info:    Checking defaults for OMS/cmsy/m/n on input line 68.
LaTeX Font Info:    ... okay on input line 68.
LaTeX Font Info:    Checking defaults for OT1/cmr/m/n on input line 68.
LaTeX Font Info:    ... okay on input line 68.
LaTeX Font Info:    Checking defaults for T1/cmr/m/n on input line 68.
LaTeX Font Info:    ... okay on input line 68.
LaTeX Font Info:    Checking defaults for TS1/cmr/m/n on input line 68.
LaTeX Font Info:    ... okay on input line 68.
LaTeX Font Info:    Checking defaults for OMX/cmex/m/n on input line 68.
LaTeX Font Info:    ... okay on input line 68.
LaTeX Font Info:    Checking defaults for U/cmr/m/n on input line 68.
LaTeX Font Info:    ... okay on input line 68.
LaTeX Font Info:    Checking defaults for PD1/pdf/m/n on input line 68.
LaTeX Font Info:    ... okay on input line 68.

*geometry* driver: auto-detecting
*geometry* detected driver: pdftex
*geometry* verbose mode - [ preamble ] result:
* driver: pdftex
* paper: <default>
* layout: <same size as paper>
* layoutoffset:(h,v)=(0.0pt,0.0pt)
* modes: 
* h-part:(L,W,R)=(72.26999pt, 469.75502pt, 72.26999pt)
* v-part:(T,H,B)=(72.26999pt, 650.43001pt, 72.26999pt)
* \paperwidth=614.295pt
* \paperheight=794.96999pt
* \textwidth=469.75502pt
* \textheight=650.43001pt
* \oddsidemargin=0.0pt
* \evensidemargin=0.0pt
* \topmargin=-28.28741pt
* \headheight=14.1437pt
* \headsep=14.1437pt
* \topskip=11.0pt
* \footskip=30.0pt
* \marginparwidth=59.0pt
* \marginparsep=10.0pt
* \columnsep=10.0pt
* \skip\footins=10.0pt plus 4.0pt minus 2.0pt
* \hoffset=0.0pt
* \voffset=0.0pt
* \mag=1000
* \@twocolumnfalse
* \@twosidefalse
* \@mparswitchfalse
* \@reversemarginfalse
* (1in=72.27pt=25.4mm, 1cm=28.453pt)

("C:\Program Files\MiKTeX\tex/context/base/mkii\supp-pdf.mkii"
[Loading MPS to PDF converter (version 2006.09.02).]
\scratchcounter=\count352
\scratchdimen=\dimen174
\scratchbox=\box101
\nofMPsegments=\count353
\nofMParguments=\count354
\everyMPshowfont=\toks30
\MPscratchCnt=\count355
\MPscratchDim=\dimen175
\MPnumerator=\count356
\makeMPintoPDFobject=\count357
\everyMPtoPDFconversion=\toks31
) ("C:\Program Files\MiKTeX\tex/latex/epstopdf-pkg\epstopdf-base.sty"
Package: epstopdf-base 2020-01-24 v2.11 Base part for package epstopdf
Package epstopdf-base Info: Redefining graphics rule for `.eps' on input line 4
85.
)
("C:\Program Files\MiKTeX\tex/latex/fmtcount\fc-english.def"
File: fc-english.def 2016/01/12
)
Package lastpage Info: Please have a look at the pageslts package at
(lastpage)             https://www.ctan.org/pkg/pageslts
(lastpage)             ! on input line 68.
Package hyperref Info: Link coloring ON on input line 68.

("C:\Program Files\MiKTeX\tex/latex/hyperref\nameref.sty"
Package: nameref 2019/09/16 v2.46 Cross-referencing by name of section

("C:\Program Files\MiKTeX\tex/latex/refcount\refcount.sty"
Package: refcount 2019/12/15 v3.6 Data extraction from label references (HO)
)
("C:\Program Files\MiKTeX\tex/generic/gettitlestring\gettitlestring.sty"
Package: gettitlestring 2019/12/15 v1.6 Cleanup title references (HO)
)
\c@section@level=\count358
)
LaTeX Info: Redefining \ref on input line 68.
LaTeX Info: Redefining \pageref on input line 68.
LaTeX Info: Redefining \nameref on input line 68.

(syllabus.out) (syllabus.out)
\@outlinefile=\write3
\openout3 = `syllabus.out'.

LaTeX Font Info:    Trying to load font information for OT1+pplx on input line 
71.

("C:\Program Files\MiKTeX\tex/latex/psnfss\ot1pplx.fd"
File: ot1pplx.fd 2004/09/06 font definitions for OT1/pplx.
)
LaTeX Font Info:    Trying to load font information for OML+zplm on input line 
71.

("C:\Program Files\MiKTeX\tex/latex/psnfss\omlzplm.fd"
File: omlzplm.fd 2002/09/08 Fontinst v1.914 font definitions for OML/zplm.
)
LaTeX Font Info:    Trying to load font information for OMS+zplm on input line 
71.

("C:\Program Files\MiKTeX\tex/latex/psnfss\omszplm.fd"
File: omszplm.fd 2002/09/08 Fontinst v1.914 font definitions for OMS/zplm.
)
LaTeX Font Info:    Trying to load font information for OMX+zplm on input line 
71.

("C:\Program Files\MiKTeX\tex/latex/psnfss\omxzplm.fd"
File: omxzplm.fd 2002/09/08 Fontinst v1.914 font definitions for OMX/zplm.
)
LaTeX Font Info:    Trying to load font information for OT1+zplm on input line 
71.

("C:\Program Files\MiKTeX\tex/latex/psnfss\ot1zplm.fd"
File: ot1zplm.fd 2002/09/08 Fontinst v1.914 font definitions for OT1/zplm.
)
LaTeX Font Info:    Trying to load font information for T1+cmtt on input line 7
9.

("C:\Program Files\MiKTeX\tex/latex/base\t1cmtt.fd"
File: t1cmtt.fd 2019/12/16 v2.5j Standard LaTeX font definitions
)
Overfull \hbox (22.86452pt too wide) in alignment at lines 74--85
[] [] 
 []

[1

{C:/Users/kdono/AppData/Local/MiKTeX/pdftex/config/pdftex.map}]
LaTeX Font Info:    Trying to load font information for TS1+pplx on input line 
115.

("C:\Program Files\MiKTeX\tex/latex/psnfss\ts1pplx.fd"
File: ts1pplx.fd 2004/09/06 font definitions for TS1/pplx.
) [2] [3] [4] [5]
[6]
Overfull \hbox (42.98647pt too wide) in paragraph at lines 243--257
 [] 
 []


Underfull \hbox (badness 10000) in paragraph at lines 261--262

 []


Underfull \hbox (badness 4819) in paragraph at lines 266--266
\T1/pplx/m/n/10.95 Completed 100% of
 []


Underfull \hbox (badness 3713) in paragraph at lines 266--267
\T1/pplx/m/n/10.95 Completed <80% of
 []


Overfull \hbox (35.8627pt too wide) in paragraph at lines 263--270
 [] 
 []


Underfull \hbox (badness 10000) in paragraph at lines 276--276
\T1/pplx/m/n/10.95 Complete re-sponse
 []


Underfull \hbox (badness 7238) in paragraph at lines 276--276
\T1/pplx/m/n/10.95 given, though may
 []


Underfull \hbox (badness 10000) in paragraph at lines 276--276
\T1/pplx/m/n/10.95 show in-cor-rect or
 []


Underfull \hbox (badness 1184) in paragraph at lines 276--277
\T1/pplx/m/n/10.95 sponse given, shows
 []


Underfull \hbox (badness 6125) in paragraph at lines 276--277
\T1/pplx/m/n/10.95 mis-un-der-stand-ing of
 []


Overfull \hbox (30.97899pt too wide) in paragraph at lines 273--278
 [] 
 []

[7]
Underfull \hbox (badness 6412) in paragraph at lines 287--287
\T1/pplx/m/n/10.95 with com-plete doc-
 []


Underfull \hbox (badness 1354) in paragraph at lines 287--287
\T1/pplx/m/n/10.95 u-men-ta-tion. Project
 []


Underfull \hbox (badness 10000) in paragraph at lines 287--287
\T1/pplx/m/n/10.95 with re-pro-ducibil-ity
 []


Underfull \hbox (badness 2600) in paragraph at lines 287--287
\T1/pplx/m/n/10.95 of the anal-y-sis eas-
 []


Underfull \hbox (badness 10000) in paragraph at lines 287--287
\T1/pplx/m/n/10.95 ily fa-cil-i-tated and
 []


Underfull \hbox (badness 7667) in paragraph at lines 287--287
[]|\T1/pplx/m/n/10.95 Analysis code runs
 []


Underfull \hbox (badness 6412) in paragraph at lines 287--287
\T1/pplx/m/n/10.95 may be lack-ing in
 []


Underfull \hbox (badness 10000) in paragraph at lines 287--287
\T1/pplx/m/n/10.95 in cer-tain as-pects.
 []


Underfull \hbox (badness 10000) in paragraph at lines 287--287
\T1/pplx/m/n/10.95 Project di-rec-tory
 []


Underfull \hbox (badness 7814) in paragraph at lines 287--287
\T1/pplx/m/n/10.95 may lack in or-ga-
 []


Underfull \hbox (badness 10000) in paragraph at lines 287--287
\T1/pplx/m/n/10.95 ni-za-tion clar-ity or
 []


Underfull \hbox (badness 4713) in paragraph at lines 287--287
\T1/pplx/m/n/10.95 com-plete-ness, harm-
 []


Underfull \hbox (badness 7667) in paragraph at lines 287--288
[]|\T1/pplx/m/n/10.95 Analysis code runs
 []


Underfull \hbox (badness 7832) in paragraph at lines 287--288
\T1/pplx/m/n/10.95 with one or more
 []


Underfull \hbox (badness 1303) in paragraph at lines 287--288
\T1/pplx/m/n/10.95 er-rors or is severely
 []


Underfull \hbox (badness 10000) in paragraph at lines 287--288
\T1/pplx/m/n/10.95 lack-ing in clar-ity
 []


Underfull \hbox (badness 8000) in paragraph at lines 287--288
\T1/pplx/m/n/10.95 and ef-fi-ciency, and
 []


Underfull \hbox (badness 10000) in paragraph at lines 287--288
\T1/pplx/m/n/10.95 doc-u-men-ta-tion is
 []


Underfull \hbox (badness 1983) in paragraph at lines 287--288
\T1/pplx/m/n/10.95 tory may be poorly
 []


Underfull \hbox (badness 1997) in paragraph at lines 287--288
\T1/pplx/m/n/10.95 or-ga-nized or in-com-
 []


Underfull \hbox (badness 4403) in paragraph at lines 287--288
\T1/pplx/m/n/10.95 plete, with anal-y-sis
 []


Underfull \hbox (badness 10000) in paragraph at lines 287--288
\T1/pplx/m/n/10.95 not meet-ing re-pro-
 []


Underfull \hbox (badness 10000) in paragraph at lines 287--288
\T1/pplx/m/n/10.95 ducibil-ity stan-dards
 []


Underfull \hbox (badness 1910) in paragraph at lines 289--289
[]|\T1/pplx/m/n/10.95 Subject Knowl-edge
 []


Underfull \hbox (badness 5050) in paragraph at lines 289--289
[]|\T1/pplx/m/n/10.95 The project demon-
 []


Underfull \hbox (badness 10000) in paragraph at lines 289--289
\T1/pplx/m/n/10.95 strated knowl-edge
 []


Underfull \hbox (badness 1688) in paragraph at lines 289--289
\T1/pplx/m/n/10.95 by in-te-grat-ing ma-jor
 []


Underfull \hbox (badness 3849) in paragraph at lines 289--289
\T1/pplx/m/n/10.95 and mi-nor con-cepts
 []


Underfull \hbox (badness 2173) in paragraph at lines 289--289
[]|\T1/pplx/m/n/10.95 The project par-tially
 []


Underfull \hbox (badness 1502) in paragraph at lines 289--289
\T1/pplx/m/n/10.95 demon-strated knowl-
 []


Underfull \hbox (badness 4328) in paragraph at lines 289--289
\T1/pplx/m/n/10.95 edge of the course
 []


Underfull \hbox (badness 5050) in paragraph at lines 289--290
[]|\T1/pplx/m/n/10.95 The project demon-
 []


Underfull \hbox (badness 10000) in paragraph at lines 289--290
\T1/pplx/m/n/10.95 strated very lit-tle
 []


Underfull \hbox (badness 10000) in paragraph at lines 289--290
\T1/pplx/m/n/10.95 knowl-edge of the
 []


Underfull \hbox (badness 10000) in paragraph at lines 289--290
\T1/pplx/m/n/10.95 course con-tent by
 []


Underfull \hbox (badness 10000) in paragraph at lines 289--290
\T1/pplx/m/n/10.95 ma-jor and mi-nor
 []


Overfull \hbox (33.8699pt too wide) in paragraph at lines 284--291
 [] 
 []

[8] 
AED: lastpage setting LastPage
[9] (syllabus.aux)
Package rerunfilecheck Info: File `syllabus.out' has not changed.
(rerunfilecheck)             Checksum: D41D8CD98F00B204E9800998ECF8427E;0.
 ) 
Here is how much of TeX's memory you used:
 9027 strings out of 479697
 130292 string characters out of 2877008
 475272 words of memory out of 3000000
 25853 multiletter control sequences out of 15000+200000
 440602 words of font info for 90 fonts, out of 3000000 for 9000
 1141 hyphenation exceptions out of 8191
 80i,11n,85p,1042b,457s stack positions out of 5000i,500n,10000p,200000b,50000s
{C:/Program Files/MiKTeX/fonts/enc/dvips/base/8r.enc} <C:\Users\kdono\AppData
\Local\MiKTeX\fonts/pk/ljfour/jknappen/ec/dpi600\ectt1095.pk><C:/Program Files/
MiKTeX/fonts/type1/public/amsfonts/cm/cmmi10.pfb><C:/Program Files/MiKTeX/fonts
/type1/public/amsfonts/cm/cmsy10.pfb><C:/Program Files/MiKTeX/fonts/type1/urw/p
alatino/uplb8a.pfb><C:/Program Files/MiKTeX/fonts/type1/urw/palatino/uplr8a.pfb
>
Output written on syllabus.pdf (9 pages, 101406 bytes).
PDF statistics:
 151 PDF objects out of 1000 (max. 8388607)
 49 named destinations out of 1000 (max. 500000)
 1 words of extra memory for PDF output out of 10000 (max. 10000000)

